<?xml version="1.0" encoding="UTF-8"?>
<testng-results skipped="0" failed="0" total="1" passed="1">
  <reporter-output>
  </reporter-output>
  <suite name="Default suite" duration-ms="33" started-at="2015-12-23T10:10:33Z" finished-at="2015-12-23T10:10:33Z">
    <groups>
    </groups>
    <test name="Default test" duration-ms="33" started-at="2015-12-23T10:10:33Z" finished-at="2015-12-23T10:10:33Z">
      <class name="com.sample.Example2">
        <test-method status="PASS" signature="openBrowser()[pri:0, instance:com.sample.Example2@19bb089b]" name="openBrowser" duration-ms="14" started-at="2015-12-23T15:40:33Z" finished-at="2015-12-23T15:40:33Z">
          <reporter-output>
          </reporter-output>
        </test-method> <!-- openBrowser -->
      </class> <!-- com.sample.Example2 -->
    </test> <!-- Default test -->
  </suite> <!-- Default suite -->
</testng-results>
